<?xml version="1.0" encoding="UTF-8"?>
<coverage generated="1723551605908" clover="3.2.0">
  <project timestamp="1723551605908" name="All files">
    <metrics statements="41" coveredstatements="40" conditionals="12" coveredconditionals="10" methods="20" coveredmethods="19" elements="73" coveredelements="69" complexity="0" loc="41" ncloc="41" packages="4" files="4" classes="4"/>
    <package name="src">
      <metrics statements="28" coveredstatements="27" conditionals="8" coveredconditionals="7" methods="13" coveredmethods="12"/>
      <file name="App.tsx" path="C:/Users/miand/OneDrive/Skrivbord/todo-testning/src/App.tsx">
        <metrics statements="28" coveredstatements="27" conditionals="8" coveredconditionals="7" methods="13" coveredmethods="12"/>
        <line num="12" count="11" type="stmt"/>
        <line num="13" count="11" type="stmt"/>
        <line num="16" count="11" type="stmt"/>
        <line num="17" count="4" type="stmt"/>
        <line num="18" count="4" type="cond" truecount="2" falsecount="0"/>
        <line num="19" count="3" type="stmt"/>
        <line num="20" count="3" type="stmt"/>
        <line num="25" count="11" type="stmt"/>
        <line num="26" count="10" type="cond" truecount="2" falsecount="0"/>
        <line num="27" count="5" type="stmt"/>
        <line num="29" count="5" type="stmt"/>
        <line num="33" count="11" type="stmt"/>
        <line num="34" count="1" type="stmt"/>
        <line num="38" count="1" type="stmt"/>
        <line num="41" count="11" type="stmt"/>
        <line num="42" count="1" type="stmt"/>
        <line num="43" count="1" type="stmt"/>
        <line num="46" count="11" type="stmt"/>
        <line num="47" count="1" type="stmt"/>
        <line num="50" count="11" type="stmt"/>
        <line num="51" count="1" type="stmt"/>
        <line num="52" count="1" type="cond" truecount="1" falsecount="1"/>
        <line num="54" count="1" type="stmt"/>
        <line num="55" count="1" type="stmt"/>
        <line num="58" count="11" type="stmt"/>
        <line num="59" count="0" type="stmt"/>
        <line num="92" count="1" type="stmt"/>
        <line num="110" count="1" type="stmt"/>
      </file>
    </package>
    <package name="src.components.DeleteButton">
      <metrics statements="0" coveredstatements="0" conditionals="0" coveredconditionals="0" methods="1" coveredmethods="1"/>
      <file name="DeleteButton.tsx" path="C:/Users/miand/OneDrive/Skrivbord/todo-testning/src/components/DeleteButton/DeleteButton.tsx">
        <metrics statements="0" coveredstatements="0" conditionals="0" coveredconditionals="0" methods="1" coveredmethods="1"/>
      </file>
    </package>
    <package name="src.components.EditButton">
      <metrics statements="6" coveredstatements="6" conditionals="2" coveredconditionals="1" methods="3" coveredmethods="3"/>
      <file name="EditButton.tsx" path="C:/Users/miand/OneDrive/Skrivbord/todo-testning/src/components/EditButton/EditButton.tsx">
        <metrics statements="6" coveredstatements="6" conditionals="2" coveredconditionals="1" methods="3" coveredmethods="3"/>
        <line num="9" count="2" type="stmt"/>
        <line num="10" count="7" type="stmt"/>
        <line num="12" count="7" type="stmt"/>
        <line num="13" count="3" type="cond" truecount="1" falsecount="1"/>
        <line num="14" count="3" type="stmt"/>
        <line num="23" count="2" type="stmt"/>
      </file>
    </package>
    <package name="src.components.TodoForm">
      <metrics statements="7" coveredstatements="7" conditionals="2" coveredconditionals="2" methods="3" coveredmethods="3"/>
      <file name="TodoForm.tsx" path="C:/Users/miand/OneDrive/Skrivbord/todo-testning/src/components/TodoForm/TodoForm.tsx">
        <metrics statements="7" coveredstatements="7" conditionals="2" coveredconditionals="2" methods="3" coveredmethods="3"/>
        <line num="9" count="20" type="stmt"/>
        <line num="11" count="20" type="stmt"/>
        <line num="12" count="4" type="stmt"/>
        <line num="13" count="4" type="cond" truecount="2" falsecount="0"/>
        <line num="15" count="3" type="stmt"/>
        <line num="16" count="3" type="stmt"/>
        <line num="26" count="3" type="stmt"/>
      </file>
    </package>
  </project>
</coverage>
