{"C:/Users/miand/OneDrive/Skrivbord/todo-testning/src/App.tsx": {"path":"C:/Users/miand/OneDrive/Skrivbord/todo-testning/src/App.tsx","statementMap":{"0":{"start":{"line":13,"column":28},"end":{"line":13,"column":null}},"1":{"start":{"line":14,"column":44},"end":{"line":14,"column":null}},"2":{"start":{"line":17,"column":2},"end":{"line":23,"column":10}},"3":{"start":{"line":18,"column":23},"end":{"line":18,"column":null}},"4":{"start":{"line":19,"column":4},"end":{"line":22,"column":null}},"5":{"start":{"line":20,"column":26},"end":{"line":20,"column":null}},"6":{"start":{"line":21,"column":6},"end":{"line":21,"column":null}},"7":{"start":{"line":26,"column":2},"end":{"line":32,"column":null}},"8":{"start":{"line":27,"column":4},"end":{"line":31,"column":null}},"9":{"start":{"line":28,"column":6},"end":{"line":28,"column":null}},"10":{"start":{"line":30,"column":6},"end":{"line":30,"column":40}},"11":{"start":{"line":34,"column":24},"end":{"line":40,"column":null}},"12":{"start":{"line":35,"column":26},"end":{"line":38,"column":null}},"13":{"start":{"line":39,"column":4},"end":{"line":39,"column":null}},"14":{"start":{"line":39,"column":28},"end":{"line":39,"column":null}},"15":{"start":{"line":42,"column":23},"end":{"line":45,"column":null}},"16":{"start":{"line":43,"column":25},"end":{"line":43,"column":null}},"17":{"start":{"line":43,"column":48},"end":{"line":43,"column":null}},"18":{"start":{"line":44,"column":4},"end":{"line":44,"column":null}},"19":{"start":{"line":47,"column":21},"end":{"line":49,"column":null}},"20":{"start":{"line":48,"column":4},"end":{"line":48,"column":null}},"21":{"start":{"line":51,"column":25},"end":{"line":57,"column":null}},"22":{"start":{"line":52,"column":25},"end":{"line":53,"column":null}},"23":{"start":{"line":53,"column":6},"end":{"line":53,"column":null}},"24":{"start":{"line":55,"column":4},"end":{"line":55,"column":null}},"25":{"start":{"line":56,"column":4},"end":{"line":56,"column":null}},"26":{"start":{"line":59,"column":27},"end":{"line":61,"column":null}},"27":{"start":{"line":60,"column":4},"end":{"line":60,"column":null}},"28":{"start":{"line":94,"column":43},"end":{"line":94,"column":null}},"29":{"start":{"line":112,"column":55},"end":{"line":112,"column":null}}},"fnMap":{"0":{"name":"App","decl":{"start":{"line":12,"column":9},"end":{"line":12,"column":null}},"loc":{"start":{"line":12,"column":9},"end":{"line":125,"column":null}}},"1":{"name":"(anonymous_1)","decl":{"start":{"line":17,"column":12},"end":{"line":17,"column":null}},"loc":{"start":{"line":17,"column":12},"end":{"line":23,"column":5}}},"2":{"name":"(anonymous_2)","decl":{"start":{"line":26,"column":12},"end":{"line":26,"column":null}},"loc":{"start":{"line":26,"column":12},"end":{"line":32,"column":5}}},"3":{"name":"(anonymous_3)","decl":{"start":{"line":34,"column":24},"end":{"line":34,"column":25}},"loc":{"start":{"line":34,"column":25},"end":{"line":40,"column":null}}},"4":{"name":"(anonymous_4)","decl":{"start":{"line":39,"column":13},"end":{"line":39,"column":14}},"loc":{"start":{"line":39,"column":28},"end":{"line":39,"column":null}}},"5":{"name":"(anonymous_5)","decl":{"start":{"line":42,"column":23},"end":{"line":42,"column":24}},"loc":{"start":{"line":42,"column":24},"end":{"line":45,"column":null}}},"6":{"name":"(anonymous_6)","decl":{"start":{"line":43,"column":38},"end":{"line":43,"column":39}},"loc":{"start":{"line":43,"column":48},"end":{"line":43,"column":null}}},"7":{"name":"(anonymous_7)","decl":{"start":{"line":47,"column":21},"end":{"line":47,"column":22}},"loc":{"start":{"line":47,"column":22},"end":{"line":49,"column":null}}},"8":{"name":"(anonymous_8)","decl":{"start":{"line":51,"column":25},"end":{"line":51,"column":26}},"loc":{"start":{"line":51,"column":26},"end":{"line":57,"column":null}}},"9":{"name":"(anonymous_9)","decl":{"start":{"line":52,"column":35},"end":{"line":52,"column":36}},"loc":{"start":{"line":53,"column":6},"end":{"line":53,"column":null}}},"10":{"name":"(anonymous_10)","decl":{"start":{"line":59,"column":27},"end":{"line":59,"column":null}},"loc":{"start":{"line":59,"column":27},"end":{"line":61,"column":null}}},"11":{"name":"(anonymous_12)","decl":{"start":{"line":94,"column":37},"end":{"line":94,"column":43}},"loc":{"start":{"line":94,"column":43},"end":{"line":94,"column":null}}},"12":{"name":"(anonymous_13)","decl":{"start":{"line":112,"column":49},"end":{"line":112,"column":55}},"loc":{"start":{"line":112,"column":55},"end":{"line":112,"column":null}}}},"branchMap":{"0":{"loc":{"start":{"line":19,"column":4},"end":{"line":22,"column":null}},"type":"if","locations":[{"start":{"line":19,"column":4},"end":{"line":22,"column":null}},{"start":{},"end":{}}]},"1":{"loc":{"start":{"line":27,"column":4},"end":{"line":31,"column":null}},"type":"if","locations":[{"start":{"line":27,"column":4},"end":{"line":31,"column":null}},{"start":{"line":29,"column":11},"end":{"line":31,"column":null}}]},"2":{"loc":{"start":{"line":53,"column":6},"end":{"line":53,"column":null}},"type":"cond-expr","locations":[{"start":{"line":53,"column":34},"end":{"line":53,"column":67}},{"start":{"line":53,"column":67},"end":{"line":53,"column":null}}]},"3":{"loc":{"start":{"line":75,"column":14},"end":{"line":77,"column":15}},"type":"cond-expr","locations":[{"start":{"line":75,"column":14},"end":{"line":77,"column":15}}]},"4":{"loc":{"start":{"line":84,"column":22},"end":{"line":90,"column":null}},"type":"cond-expr","locations":[{"start":{"line":84,"column":22},"end":{"line":90,"column":null}}]}},"s":{"0":11,"1":11,"2":11,"3":4,"4":4,"5":3,"6":3,"7":11,"8":10,"9":5,"10":5,"11":11,"12":1,"13":1,"14":1,"15":11,"16":1,"17":1,"18":1,"19":11,"20":1,"21":11,"22":1,"23":1,"24":1,"25":1,"26":11,"27":0,"28":1,"29":1},"f":{"0":11,"1":4,"2":10,"3":1,"4":1,"5":1,"6":1,"7":1,"8":1,"9":1,"10":0,"11":1,"12":1},"b":{"0":[3,1],"1":[5,5],"2":[1,0],"3":[5],"4":[1]}}
,"C:/Users/miand/OneDrive/Skrivbord/todo-testning/src/DayAndTime.tsx": {"path":"C:/Users/miand/OneDrive/Skrivbord/todo-testning/src/DayAndTime.tsx","statementMap":{"0":{"start":{"line":4,"column":16},"end":{"line":4,"column":null}},"1":{"start":{"line":5,"column":40},"end":{"line":5,"column":null}},"2":{"start":{"line":7,"column":2},"end":{"line":22,"column":null}},"3":{"start":{"line":8,"column":23},"end":{"line":16,"column":null}},"4":{"start":{"line":9,"column":18},"end":{"line":9,"column":null}},"5":{"start":{"line":10,"column":28},"end":{"line":14,"column":null}},"6":{"start":{"line":15,"column":6},"end":{"line":15,"column":null}},"7":{"start":{"line":18,"column":4},"end":{"line":18,"column":18}},"8":{"start":{"line":19,"column":23},"end":{"line":19,"column":54}},"9":{"start":{"line":21,"column":4},"end":{"line":21,"column":44}},"10":{"start":{"line":21,"column":17},"end":{"line":21,"column":44}},"11":{"start":{"line":24,"column":24},"end":{"line":29,"column":null}}},"fnMap":{"0":{"name":"DayAndTime","decl":{"start":{"line":3,"column":9},"end":{"line":3,"column":null}},"loc":{"start":{"line":3,"column":9},"end":{"line":40,"column":null}}},"1":{"name":"(anonymous_1)","decl":{"start":{"line":7,"column":12},"end":{"line":7,"column":null}},"loc":{"start":{"line":7,"column":12},"end":{"line":22,"column":5}}},"2":{"name":"(anonymous_2)","decl":{"start":{"line":8,"column":23},"end":{"line":8,"column":null}},"loc":{"start":{"line":8,"column":23},"end":{"line":16,"column":null}}},"3":{"name":"(anonymous_3)","decl":{"start":{"line":21,"column":11},"end":{"line":21,"column":17}},"loc":{"start":{"line":21,"column":17},"end":{"line":21,"column":44}}}},"branchMap":{},"s":{"0":12,"1":12,"2":12,"3":4,"4":4,"5":4,"6":4,"7":4,"8":4,"9":4,"10":4,"11":12},"f":{"0":12,"1":4,"2":4,"3":4},"b":{}}
,"C:/Users/miand/OneDrive/Skrivbord/todo-testning/src/components/DeleteButton/DeleteButton.tsx": {"path":"C:/Users/miand/OneDrive/Skrivbord/todo-testning/src/components/DeleteButton/DeleteButton.tsx","statementMap":{},"fnMap":{"0":{"name":"DeleteButton","decl":{"start":{"line":5,"column":9},"end":{"line":5,"column":22}},"loc":{"start":{"line":5,"column":40},"end":{"line":25,"column":null}}}},"branchMap":{},"s":{},"f":{"0":5},"b":{}}
,"C:/Users/miand/OneDrive/Skrivbord/todo-testning/src/components/EditForm/EditForm.tsx": {"path":"C:/Users/miand/OneDrive/Skrivbord/todo-testning/src/components/EditForm/EditForm.tsx","statementMap":{"0":{"start":{"line":10,"column":38},"end":{"line":10,"column":null}},"1":{"start":{"line":12,"column":21},"end":{"line":16,"column":null}},"2":{"start":{"line":13,"column":4},"end":{"line":15,"column":null}},"3":{"start":{"line":14,"column":6},"end":{"line":14,"column":null}},"4":{"start":{"line":23,"column":25},"end":{"line":23,"column":null}}},"fnMap":{"0":{"name":"EditForm","decl":{"start":{"line":9,"column":9},"end":{"line":9,"column":18}},"loc":{"start":{"line":9,"column":59},"end":{"line":61,"column":null}}},"1":{"name":"(anonymous_1)","decl":{"start":{"line":12,"column":21},"end":{"line":12,"column":null}},"loc":{"start":{"line":12,"column":21},"end":{"line":16,"column":null}}},"2":{"name":"(anonymous_2)","decl":{"start":{"line":23,"column":18},"end":{"line":23,"column":19}},"loc":{"start":{"line":23,"column":25},"end":{"line":23,"column":null}}}},"branchMap":{"0":{"loc":{"start":{"line":13,"column":4},"end":{"line":15,"column":null}},"type":"if","locations":[{"start":{"line":13,"column":4},"end":{"line":15,"column":null}},{"start":{},"end":{}}]}},"s":{"0":4,"1":4,"2":2,"3":2,"4":1},"f":{"0":4,"1":2,"2":1},"b":{"0":[2,0]}}
,"C:/Users/miand/OneDrive/Skrivbord/todo-testning/src/components/TodoForm/TodoForm.tsx": {"path":"C:/Users/miand/OneDrive/Skrivbord/todo-testning/src/components/TodoForm/TodoForm.tsx","statementMap":{"0":{"start":{"line":8,"column":26},"end":{"line":8,"column":null}},"1":{"start":{"line":10,"column":23},"end":{"line":16,"column":null}},"2":{"start":{"line":11,"column":4},"end":{"line":11,"column":null}},"3":{"start":{"line":12,"column":4},"end":{"line":12,"column":null}},"4":{"start":{"line":12,"column":28},"end":{"line":12,"column":null}},"5":{"start":{"line":14,"column":4},"end":{"line":14,"column":20}},"6":{"start":{"line":15,"column":4},"end":{"line":15,"column":null}},"7":{"start":{"line":25,"column":25},"end":{"line":25,"column":null}}},"fnMap":{"0":{"name":"TodoForm","decl":{"start":{"line":7,"column":9},"end":{"line":7,"column":18}},"loc":{"start":{"line":7,"column":37},"end":{"line":36,"column":null}}},"1":{"name":"(anonymous_1)","decl":{"start":{"line":10,"column":23},"end":{"line":10,"column":24}},"loc":{"start":{"line":10,"column":24},"end":{"line":16,"column":null}}},"2":{"name":"(anonymous_2)","decl":{"start":{"line":25,"column":18},"end":{"line":25,"column":19}},"loc":{"start":{"line":25,"column":25},"end":{"line":25,"column":null}}}},"branchMap":{"0":{"loc":{"start":{"line":12,"column":4},"end":{"line":12,"column":null}},"type":"if","locations":[{"start":{"line":12,"column":4},"end":{"line":12,"column":null}},{"start":{},"end":{}}]}},"s":{"0":20,"1":20,"2":4,"3":4,"4":1,"5":3,"6":3,"7":3},"f":{"0":20,"1":4,"2":3},"b":{"0":[1,3]}}
}
