{"C:/Users/miand/OneDrive/Skrivbord/FED23G utbildning/Testning/todo-testning/src/App.tsx": {"path":"C:/Users/miand/OneDrive/Skrivbord/FED23G utbildning/Testning/todo-testning/src/App.tsx","statementMap":{"0":{"start":{"line":6,"column":28},"end":{"line":6,"column":null}},"1":{"start":{"line":11,"column":36},"end":{"line":11,"column":null}}},"fnMap":{"0":{"name":"App","decl":{"start":{"line":5,"column":9},"end":{"line":5,"column":null}},"loc":{"start":{"line":5,"column":9},"end":{"line":20,"column":null}}},"1":{"name":"(anonymous_1)","decl":{"start":{"line":11,"column":26},"end":{"line":11,"column":27}},"loc":{"start":{"line":11,"column":36},"end":{"line":11,"column":null}}}},"branchMap":{},"s":{"0":5,"1":3},"f":{"0":5,"1":3},"b":{}}
,"C:/Users/miand/OneDrive/Skrivbord/FED23G utbildning/Testning/todo-testning/src/components/TodoForm/TodoForm.tsx": {"path":"C:/Users/miand/OneDrive/Skrivbord/FED23G utbildning/Testning/todo-testning/src/components/TodoForm/TodoForm.tsx","statementMap":{"0":{"start":{"line":9,"column":26},"end":{"line":9,"column":null}},"1":{"start":{"line":11,"column":23},"end":{"line":14,"column":null}},"2":{"start":{"line":12,"column":4},"end":{"line":12,"column":null}},"3":{"start":{"line":13,"column":4},"end":{"line":13,"column":null}},"4":{"start":{"line":22,"column":25},"end":{"line":22,"column":null}}},"fnMap":{"0":{"name":"TodoForm","decl":{"start":{"line":8,"column":9},"end":{"line":8,"column":18}},"loc":{"start":{"line":8,"column":30},"end":{"line":27,"column":null}}},"1":{"name":"(anonymous_1)","decl":{"start":{"line":11,"column":23},"end":{"line":11,"column":24}},"loc":{"start":{"line":11,"column":24},"end":{"line":14,"column":null}}},"2":{"name":"(anonymous_2)","decl":{"start":{"line":22,"column":18},"end":{"line":22,"column":19}},"loc":{"start":{"line":22,"column":25},"end":{"line":22,"column":null}}}},"branchMap":{},"s":{"0":8,"1":8,"2":3,"3":3,"4":3},"f":{"0":8,"1":3,"2":3},"b":{}}
}
